[debug] [2024-08-08T15:08:54.105Z] ----------------------------------------------------------------------
[debug] [2024-08-08T15:08:54.110Z] Command:       C:\Program Files\nodejs\node.exe C:\Program Files\nodejs\node_modules\firebase-tools\lib\bin\firebase.js emulators:start --only functions
[debug] [2024-08-08T15:08:54.111Z] CLI Version:   13.3.1
[debug] [2024-08-08T15:08:54.111Z] Platform:      win32
[debug] [2024-08-08T15:08:54.111Z] Node Version:  v20.10.0
[debug] [2024-08-08T15:08:54.112Z] Time:          Fri Aug 09 2024 00:08:54 GMT+0900 (日本標準時)
[debug] [2024-08-08T15:08:54.112Z] ----------------------------------------------------------------------
[debug] 
[debug] [2024-08-08T15:08:54.321Z] > command requires scopes: ["email","openid","https://www.googleapis.com/auth/cloudplatformprojects.readonly","https://www.googleapis.com/auth/firebase","https://www.googleapis.com/auth/cloud-platform"]
[debug] [2024-08-08T15:08:54.322Z] > authorizing via signed-in user (kanten520212@gmail.com)
[info] i  emulators: Starting emulators: functions {"metadata":{"emulator":{"name":"hub"},"message":"Starting emulators: functions"}}
[debug] [2024-08-08T15:08:54.343Z] [logging] Logging Emulator only supports listening on one address (127.0.0.1). Not listening on ::1
[debug] [2024-08-08T15:08:54.344Z] assigned listening specs for emulators {"user":{"hub":[{"address":"127.0.0.1","family":"IPv4","port":4400},{"address":"::1","family":"IPv6","port":4400}],"ui":[{"address":"127.0.0.1","family":"IPv4","port":4000},{"address":"::1","family":"IPv6","port":4000}],"logging":[{"address":"127.0.0.1","family":"IPv4","port":4500}]},"metadata":{"message":"assigned listening specs for emulators"}}
[debug] [2024-08-08T15:08:54.415Z] [hub] writing locator at C:\Users\kante\AppData\Local\Temp\hub-itinerary-app-431911.json
[debug] [2024-08-08T15:08:54.444Z] [functions] Functions Emulator only supports listening on one address (127.0.0.1). Not listening on ::1
[warn] !  eventarc: Eventarc Emulator unable to start on port 9299, starting on 9584 instead. {"metadata":{"emulator":{"name":"eventarc"},"message":"Eventarc Emulator unable to start on port 9299, starting on 9584 instead."}}
[debug] [2024-08-08T15:08:54.485Z] [eventarc] Eventarc Emulator only supports listening on one address (127.0.0.1). Not listening on ::1
[debug] [2024-08-08T15:08:54.485Z] late-assigned ports for functions and eventarc emulators {"user":{"hub":[{"address":"127.0.0.1","family":"IPv4","port":4400},{"address":"::1","family":"IPv6","port":4400}],"ui":[{"address":"127.0.0.1","family":"IPv4","port":4000},{"address":"::1","family":"IPv6","port":4000}],"logging":[{"address":"127.0.0.1","family":"IPv4","port":4500}],"functions":[{"address":"127.0.0.1","family":"IPv4","port":5001}],"eventarc":[{"address":"127.0.0.1","family":"IPv4","port":9584}]},"metadata":{"message":"late-assigned ports for functions and eventarc emulators"}}
[warn] !  functions: The following emulators are not running, calls to these services from the Functions emulator will affect production: auth, firestore, database, hosting, pubsub, storage {"metadata":{"emulator":{"name":"functions"},"message":"The following emulators are not running, calls to these services from the Functions emulator will affect production: \u001b[1mauth, firestore, database, hosting, pubsub, storage\u001b[22m"}}
[debug] [2024-08-08T15:08:54.490Z] defaultcredentials: writing to file C:\Users\kante\AppData\Roaming\firebase\kanten520212_gmail_com_application_default_credentials.json
[debug] [2024-08-08T15:08:54.506Z] Setting GAC to C:\Users\kante\AppData\Roaming\firebase\kanten520212_gmail_com_application_default_credentials.json {"metadata":{"emulator":{"name":"functions"},"message":"Setting GAC to C:\\Users\\kante\\AppData\\Roaming\\firebase\\kanten520212_gmail_com_application_default_credentials.json"}}
[debug] [2024-08-08T15:08:54.509Z] > refreshing access token with scopes: []
[debug] [2024-08-08T15:08:54.512Z] >>> [apiv2][query] POST https://www.googleapis.com/oauth2/v3/token [none]
[debug] [2024-08-08T15:08:54.512Z] >>> [apiv2][body] POST https://www.googleapis.com/oauth2/v3/token [omitted]
[debug] [2024-08-08T15:08:54.656Z] <<< [apiv2][status] POST https://www.googleapis.com/oauth2/v3/token 200
[debug] [2024-08-08T15:08:54.656Z] <<< [apiv2][body] POST https://www.googleapis.com/oauth2/v3/token [omitted]
[debug] [2024-08-08T15:08:54.690Z] >>> [apiv2][query] GET https://firebase.googleapis.com/v1beta1/projects/itinerary-app-431911/adminSdkConfig [none]
[debug] [2024-08-08T15:08:55.101Z] <<< [apiv2][status] GET https://firebase.googleapis.com/v1beta1/projects/itinerary-app-431911/adminSdkConfig 200
[debug] [2024-08-08T15:08:55.101Z] <<< [apiv2][body] GET https://firebase.googleapis.com/v1beta1/projects/itinerary-app-431911/adminSdkConfig {"projectId":"itinerary-app-431911","storageBucket":"itinerary-app-431911.appspot.com"}
[info] i  ui: downloading ui-v1.11.7.zip... {"metadata":{"emulator":{"name":"ui"},"message":"downloading ui-v1.11.7.zip..."}}
[debug] [2024-08-08T15:08:55.143Z] >>> [apiv2][query] GET https://storage.googleapis.com/firebase-preview-drop/emulator/ui-v1.11.7.zip 
[debug] [2024-08-08T15:08:55.337Z] <<< [apiv2][status] GET https://storage.googleapis.com/firebase-preview-drop/emulator/ui-v1.11.7.zip 200
[debug] [2024-08-08T15:08:55.337Z] <<< [apiv2][body] GET https://storage.googleapis.com/firebase-preview-drop/emulator/ui-v1.11.7.zip [stream]
[debug] [2024-08-08T15:08:55.683Z] Data is 3064105
[debug] [2024-08-08T15:08:55.684Z] [unzip] Entry: client/ (compressed_size=0 bytes, uncompressed_size=0 bytes)
[debug] [2024-08-08T15:08:55.684Z] [unzip] Processing entry: client\
[debug] [2024-08-08T15:08:55.684Z] [unzip] mkdir: C:\Users\kante\.cache\firebase\emulators\ui-v1.11.7\client\
[debug] [2024-08-08T15:08:55.686Z] [unzip] Entry: client/favicon.ico (compressed_size=2497 bytes, uncompressed_size=7406 bytes)
[debug] [2024-08-08T15:08:55.686Z] [unzip] Processing entry: client\favicon.ico
[debug] [2024-08-08T15:08:55.686Z] [unzip] else mkdir: C:\Users\kante\.cache\firebase\emulators\ui-v1.11.7\client
[debug] [2024-08-08T15:08:55.687Z] [unzip] deflating: C:\Users\kante\.cache\firebase\emulators\ui-v1.11.7\client\favicon.ico
[debug] [2024-08-08T15:08:55.695Z] [unzip] Entry: client/apple-touch-icon.png (compressed_size=7231 bytes, uncompressed_size=7367 bytes)
[debug] [2024-08-08T15:08:55.696Z] [unzip] Processing entry: client\apple-touch-icon.png
[debug] [2024-08-08T15:08:55.696Z] [unzip] else mkdir: C:\Users\kante\.cache\firebase\emulators\ui-v1.11.7\client
[debug] [2024-08-08T15:08:55.696Z] [unzip] deflating: C:\Users\kante\.cache\firebase\emulators\ui-v1.11.7\client\apple-touch-icon.png
[debug] [2024-08-08T15:08:55.699Z] [unzip] Entry: client/android-chrome-512x512.png (compressed_size=16987 bytes, uncompressed_size=18186 bytes)
[debug] [2024-08-08T15:08:55.700Z] [unzip] Processing entry: client\android-chrome-512x512.png
[debug] [2024-08-08T15:08:55.700Z] [unzip] else mkdir: C:\Users\kante\.cache\firebase\emulators\ui-v1.11.7\client
[debug] [2024-08-08T15:08:55.700Z] [unzip] deflating: C:\Users\kante\.cache\firebase\emulators\ui-v1.11.7\client\android-chrome-512x512.png
[debug] [2024-08-08T15:08:55.704Z] [unzip] Entry: client/assets/ (compressed_size=0 bytes, uncompressed_size=0 bytes)
[debug] [2024-08-08T15:08:55.704Z] [unzip] Processing entry: client\assets\
[debug] [2024-08-08T15:08:55.704Z] [unzip] mkdir: C:\Users\kante\.cache\firebase\emulators\ui-v1.11.7\client\assets\
[debug] [2024-08-08T15:08:55.705Z] [unzip] Entry: client/assets/extensions/ (compressed_size=0 bytes, uncompressed_size=0 bytes)
[debug] [2024-08-08T15:08:55.706Z] [unzip] Processing entry: client\assets\extensions\
[debug] [2024-08-08T15:08:55.706Z] [unzip] mkdir: C:\Users\kante\.cache\firebase\emulators\ui-v1.11.7\client\assets\extensions\
[debug] [2024-08-08T15:08:55.706Z] [unzip] Entry: client/assets/extensions/default-extension.png (compressed_size=1646 bytes, uncompressed_size=1657 bytes)
[debug] [2024-08-08T15:08:55.706Z] [unzip] Processing entry: client\assets\extensions\default-extension.png
[debug] [2024-08-08T15:08:55.706Z] [unzip] else mkdir: C:\Users\kante\.cache\firebase\emulators\ui-v1.11.7\client\assets\extensions
[debug] [2024-08-08T15:08:55.707Z] [unzip] deflating: C:\Users\kante\.cache\firebase\emulators\ui-v1.11.7\client\assets\extensions\default-extension.png
[debug] [2024-08-08T15:08:55.710Z] [unzip] Entry: client/assets/index.58ca09f7.css (compressed_size=37601 bytes, uncompressed_size=321252 bytes)
[debug] [2024-08-08T15:08:55.710Z] [unzip] Processing entry: client\assets\index.58ca09f7.css
[debug] [2024-08-08T15:08:55.710Z] [unzip] else mkdir: C:\Users\kante\.cache\firebase\emulators\ui-v1.11.7\client\assets
[debug] [2024-08-08T15:08:55.711Z] [unzip] deflating: C:\Users\kante\.cache\firebase\emulators\ui-v1.11.7\client\assets\index.58ca09f7.css
[debug] [2024-08-08T15:08:55.717Z] [unzip] Entry: client/assets/index.c2583d42.js (compressed_size=526232 bytes, uncompressed_size=1860152 bytes)
[debug] [2024-08-08T15:08:55.717Z] [unzip] Processing entry: client\assets\index.c2583d42.js
[debug] [2024-08-08T15:08:55.717Z] [unzip] else mkdir: C:\Users\kante\.cache\firebase\emulators\ui-v1.11.7\client\assets
[debug] [2024-08-08T15:08:55.718Z] [unzip] deflating: C:\Users\kante\.cache\firebase\emulators\ui-v1.11.7\client\assets\index.c2583d42.js
[debug] [2024-08-08T15:08:55.740Z] [unzip] Entry: client/assets/provider-icons/ (compressed_size=0 bytes, uncompressed_size=0 bytes)
[debug] [2024-08-08T15:08:55.740Z] [unzip] Processing entry: client\assets\provider-icons\
[debug] [2024-08-08T15:08:55.741Z] [unzip] mkdir: C:\Users\kante\.cache\firebase\emulators\ui-v1.11.7\client\assets\provider-icons\
[debug] [2024-08-08T15:08:55.742Z] [unzip] Entry: client/assets/provider-icons/auth_service_oidc.svg (compressed_size=414 bytes, uncompressed_size=858 bytes)
[debug] [2024-08-08T15:08:55.742Z] [unzip] Processing entry: client\assets\provider-icons\auth_service_oidc.svg
[debug] [2024-08-08T15:08:55.742Z] [unzip] else mkdir: C:\Users\kante\.cache\firebase\emulators\ui-v1.11.7\client\assets\provider-icons
[debug] [2024-08-08T15:08:55.743Z] [unzip] deflating: C:\Users\kante\.cache\firebase\emulators\ui-v1.11.7\client\assets\provider-icons\auth_service_oidc.svg
[debug] [2024-08-08T15:08:55.745Z] [unzip] Entry: client/assets/provider-icons/auth_service_yahoo.svg (compressed_size=577 bytes, uncompressed_size=1182 bytes)
[debug] [2024-08-08T15:08:55.745Z] [unzip] Processing entry: client\assets\provider-icons\auth_service_yahoo.svg
[debug] [2024-08-08T15:08:55.745Z] [unzip] else mkdir: C:\Users\kante\.cache\firebase\emulators\ui-v1.11.7\client\assets\provider-icons
[debug] [2024-08-08T15:08:55.746Z] [unzip] deflating: C:\Users\kante\.cache\firebase\emulators\ui-v1.11.7\client\assets\provider-icons\auth_service_yahoo.svg
[debug] [2024-08-08T15:08:55.749Z] [unzip] Entry: client/assets/provider-icons/auth_service_phone.svg (compressed_size=261 bytes, uncompressed_size=414 bytes)
[debug] [2024-08-08T15:08:55.749Z] [unzip] Processing entry: client\assets\provider-icons\auth_service_phone.svg
[debug] [2024-08-08T15:08:55.749Z] [unzip] else mkdir: C:\Users\kante\.cache\firebase\emulators\ui-v1.11.7\client\assets\provider-icons
[debug] [2024-08-08T15:08:55.749Z] [unzip] deflating: C:\Users\kante\.cache\firebase\emulators\ui-v1.11.7\client\assets\provider-icons\auth_service_phone.svg
[debug] [2024-08-08T15:08:55.751Z] [unzip] Entry: client/assets/provider-icons/auth_service_saml.svg (compressed_size=575 bytes, uncompressed_size=1226 bytes)
[debug] [2024-08-08T15:08:55.752Z] [unzip] Processing entry: client\assets\provider-icons\auth_service_saml.svg
[debug] [2024-08-08T15:08:55.752Z] [unzip] else mkdir: C:\Users\kante\.cache\firebase\emulators\ui-v1.11.7\client\assets\provider-icons
[debug] [2024-08-08T15:08:55.752Z] [unzip] deflating: C:\Users\kante\.cache\firebase\emulators\ui-v1.11.7\client\assets\provider-icons\auth_service_saml.svg
[debug] [2024-08-08T15:08:55.756Z] [unzip] Entry: client/assets/provider-icons/auth_service_mslive.svg (compressed_size=203 bytes, uncompressed_size=378 bytes)
[debug] [2024-08-08T15:08:55.756Z] [unzip] Processing entry: client\assets\provider-icons\auth_service_mslive.svg
[debug] [2024-08-08T15:08:55.756Z] [unzip] else mkdir: C:\Users\kante\.cache\firebase\emulators\ui-v1.11.7\client\assets\provider-icons
[debug] [2024-08-08T15:08:55.757Z] [unzip] deflating: C:\Users\kante\.cache\firebase\emulators\ui-v1.11.7\client\assets\provider-icons\auth_service_mslive.svg
[debug] [2024-08-08T15:08:55.762Z] [unzip] Entry: client/assets/provider-icons/auth_service_facebook.svg (compressed_size=289 bytes, uncompressed_size=457 bytes)
[debug] [2024-08-08T15:08:55.762Z] [unzip] Processing entry: client\assets\provider-icons\auth_service_facebook.svg
[debug] [2024-08-08T15:08:55.762Z] [unzip] else mkdir: C:\Users\kante\.cache\firebase\emulators\ui-v1.11.7\client\assets\provider-icons
[debug] [2024-08-08T15:08:55.763Z] [unzip] deflating: C:\Users\kante\.cache\firebase\emulators\ui-v1.11.7\client\assets\provider-icons\auth_service_facebook.svg
[debug] [2024-08-08T15:08:55.769Z] [unzip] Entry: client/assets/provider-icons/auth_service_play_games.svg (compressed_size=565 bytes, uncompressed_size=1173 bytes)
[debug] [2024-08-08T15:08:55.769Z] [unzip] Processing entry: client\assets\provider-icons\auth_service_play_games.svg
[debug] [2024-08-08T15:08:55.769Z] [unzip] else mkdir: C:\Users\kante\.cache\firebase\emulators\ui-v1.11.7\client\assets\provider-icons
[debug] [2024-08-08T15:08:55.770Z] [unzip] deflating: C:\Users\kante\.cache\firebase\emulators\ui-v1.11.7\client\assets\provider-icons\auth_service_play_games.svg
[debug] [2024-08-08T15:08:55.774Z] [unzip] Entry: client/assets/provider-icons/auth_service_github.svg (compressed_size=466 bytes, uncompressed_size=838 bytes)
[debug] [2024-08-08T15:08:55.774Z] [unzip] Processing entry: client\assets\provider-icons\auth_service_github.svg
[debug] [2024-08-08T15:08:55.775Z] [unzip] else mkdir: C:\Users\kante\.cache\firebase\emulators\ui-v1.11.7\client\assets\provider-icons
[debug] [2024-08-08T15:08:55.775Z] [unzip] deflating: C:\Users\kante\.cache\firebase\emulators\ui-v1.11.7\client\assets\provider-icons\auth_service_github.svg
[debug] [2024-08-08T15:08:55.777Z] [unzip] Entry: client/assets/provider-icons/auth_service_apple.svg (compressed_size=230 bytes, uncompressed_size=334 bytes)
[debug] [2024-08-08T15:08:55.777Z] [unzip] Processing entry: client\assets\provider-icons\auth_service_apple.svg
[debug] [2024-08-08T15:08:55.778Z] [unzip] else mkdir: C:\Users\kante\.cache\firebase\emulators\ui-v1.11.7\client\assets\provider-icons
[debug] [2024-08-08T15:08:55.778Z] [unzip] deflating: C:\Users\kante\.cache\firebase\emulators\ui-v1.11.7\client\assets\provider-icons\auth_service_apple.svg
[debug] [2024-08-08T15:08:55.782Z] [unzip] Entry: client/assets/provider-icons/auth_service_google.svg (compressed_size=409 bytes, uncompressed_size=720 bytes)
[debug] [2024-08-08T15:08:55.782Z] [unzip] Processing entry: client\assets\provider-icons\auth_service_google.svg
[debug] [2024-08-08T15:08:55.783Z] [unzip] else mkdir: C:\Users\kante\.cache\firebase\emulators\ui-v1.11.7\client\assets\provider-icons
[debug] [2024-08-08T15:08:55.786Z] [unzip] deflating: C:\Users\kante\.cache\firebase\emulators\ui-v1.11.7\client\assets\provider-icons\auth_service_google.svg
[debug] [2024-08-08T15:08:55.794Z] [unzip] Entry: client/assets/provider-icons/auth_service_email.svg (compressed_size=228 bytes, uncompressed_size=326 bytes)
[debug] [2024-08-08T15:08:55.794Z] [unzip] Processing entry: client\assets\provider-icons\auth_service_email.svg
[debug] [2024-08-08T15:08:55.795Z] [unzip] else mkdir: C:\Users\kante\.cache\firebase\emulators\ui-v1.11.7\client\assets\provider-icons
[debug] [2024-08-08T15:08:55.796Z] [unzip] deflating: C:\Users\kante\.cache\firebase\emulators\ui-v1.11.7\client\assets\provider-icons\auth_service_email.svg
[debug] [2024-08-08T15:08:55.800Z] [unzip] Entry: client/assets/provider-icons/auth_service_twitter.svg (compressed_size=444 bytes, uncompressed_size=751 bytes)
[debug] [2024-08-08T15:08:55.800Z] [unzip] Processing entry: client\assets\provider-icons\auth_service_twitter.svg
[debug] [2024-08-08T15:08:55.800Z] [unzip] else mkdir: C:\Users\kante\.cache\firebase\emulators\ui-v1.11.7\client\assets\provider-icons
[debug] [2024-08-08T15:08:55.805Z] [unzip] deflating: C:\Users\kante\.cache\firebase\emulators\ui-v1.11.7\client\assets\provider-icons\auth_service_twitter.svg
[debug] [2024-08-08T15:08:55.813Z] [unzip] Entry: client/assets/provider-icons/auth_service_game_center.svg (compressed_size=991 bytes, uncompressed_size=3921 bytes)
[debug] [2024-08-08T15:08:55.813Z] [unzip] Processing entry: client\assets\provider-icons\auth_service_game_center.svg
[debug] [2024-08-08T15:08:55.813Z] [unzip] else mkdir: C:\Users\kante\.cache\firebase\emulators\ui-v1.11.7\client\assets\provider-icons
[debug] [2024-08-08T15:08:55.814Z] [unzip] deflating: C:\Users\kante\.cache\firebase\emulators\ui-v1.11.7\client\assets\provider-icons\auth_service_game_center.svg
[debug] [2024-08-08T15:08:55.819Z] [unzip] Entry: client/assets/index.c2583d42.js.map (compressed_size=1778557 bytes, uncompressed_size=7961927 bytes)
[debug] [2024-08-08T15:08:55.819Z] [unzip] Processing entry: client\assets\index.c2583d42.js.map
[debug] [2024-08-08T15:08:55.819Z] [unzip] else mkdir: C:\Users\kante\.cache\firebase\emulators\ui-v1.11.7\client\assets
[debug] [2024-08-08T15:08:55.820Z] [unzip] deflating: C:\Users\kante\.cache\firebase\emulators\ui-v1.11.7\client\assets\index.c2583d42.js.map
[debug] [2024-08-08T15:08:55.923Z] [unzip] Entry: client/assets/img/ (compressed_size=0 bytes, uncompressed_size=0 bytes)
[debug] [2024-08-08T15:08:55.924Z] [unzip] Processing entry: client\assets\img\
[debug] [2024-08-08T15:08:55.924Z] [unzip] mkdir: C:\Users\kante\.cache\firebase\emulators\ui-v1.11.7\client\assets\img\
[debug] [2024-08-08T15:08:55.925Z] [unzip] Entry: client/assets/img/database.png (compressed_size=29449 bytes, uncompressed_size=29988 bytes)
[debug] [2024-08-08T15:08:55.925Z] [unzip] Processing entry: client\assets\img\database.png
[debug] [2024-08-08T15:08:55.926Z] [unzip] else mkdir: C:\Users\kante\.cache\firebase\emulators\ui-v1.11.7\client\assets\img
[debug] [2024-08-08T15:08:55.926Z] [unzip] deflating: C:\Users\kante\.cache\firebase\emulators\ui-v1.11.7\client\assets\img\database.png
[debug] [2024-08-08T15:08:55.929Z] [unzip] Entry: client/safari-pinned-tab.svg (compressed_size=838 bytes, uncompressed_size=1504 bytes)
[debug] [2024-08-08T15:08:55.929Z] [unzip] Processing entry: client\safari-pinned-tab.svg
[debug] [2024-08-08T15:08:55.930Z] [unzip] else mkdir: C:\Users\kante\.cache\firebase\emulators\ui-v1.11.7\client
[debug] [2024-08-08T15:08:55.930Z] [unzip] deflating: C:\Users\kante\.cache\firebase\emulators\ui-v1.11.7\client\safari-pinned-tab.svg
[debug] [2024-08-08T15:08:55.933Z] [unzip] Entry: client/mstile-150x150.png (compressed_size=5406 bytes, uncompressed_size=5723 bytes)
[debug] [2024-08-08T15:08:55.934Z] [unzip] Processing entry: client\mstile-150x150.png
[debug] [2024-08-08T15:08:55.934Z] [unzip] else mkdir: C:\Users\kante\.cache\firebase\emulators\ui-v1.11.7\client
[debug] [2024-08-08T15:08:55.934Z] [unzip] deflating: C:\Users\kante\.cache\firebase\emulators\ui-v1.11.7\client\mstile-150x150.png
[debug] [2024-08-08T15:08:55.939Z] [unzip] Entry: client/browserconfig.xml (compressed_size=491 bytes, uncompressed_size=822 bytes)
[debug] [2024-08-08T15:08:55.939Z] [unzip] Processing entry: client\browserconfig.xml
[debug] [2024-08-08T15:08:55.939Z] [unzip] else mkdir: C:\Users\kante\.cache\firebase\emulators\ui-v1.11.7\client
[debug] [2024-08-08T15:08:55.940Z] [unzip] deflating: C:\Users\kante\.cache\firebase\emulators\ui-v1.11.7\client\browserconfig.xml
[debug] [2024-08-08T15:08:55.945Z] [unzip] Entry: client/robots.txt (compressed_size=26 bytes, uncompressed_size=26 bytes)
[debug] [2024-08-08T15:08:55.945Z] [unzip] Processing entry: client\robots.txt
[debug] [2024-08-08T15:08:55.945Z] [unzip] else mkdir: C:\Users\kante\.cache\firebase\emulators\ui-v1.11.7\client
[debug] [2024-08-08T15:08:55.949Z] [unzip] Writing file: C:\Users\kante\.cache\firebase\emulators\ui-v1.11.7\client\robots.txt
[debug] [2024-08-08T15:08:55.952Z] [unzip] Entry: client/index.html (compressed_size=1363 bytes, uncompressed_size=3064 bytes)
[debug] [2024-08-08T15:08:55.952Z] [unzip] Processing entry: client\index.html
[debug] [2024-08-08T15:08:55.953Z] [unzip] else mkdir: C:\Users\kante\.cache\firebase\emulators\ui-v1.11.7\client
[debug] [2024-08-08T15:08:55.953Z] [unzip] deflating: C:\Users\kante\.cache\firebase\emulators\ui-v1.11.7\client\index.html
[debug] [2024-08-08T15:08:55.959Z] [unzip] Entry: client/favicon-16x16.png (compressed_size=757 bytes, uncompressed_size=777 bytes)
[debug] [2024-08-08T15:08:55.960Z] [unzip] Processing entry: client\favicon-16x16.png
[debug] [2024-08-08T15:08:55.960Z] [unzip] else mkdir: C:\Users\kante\.cache\firebase\emulators\ui-v1.11.7\client
[debug] [2024-08-08T15:08:55.962Z] [unzip] deflating: C:\Users\kante\.cache\firebase\emulators\ui-v1.11.7\client\favicon-16x16.png
[debug] [2024-08-08T15:08:55.965Z] [unzip] Entry: client/manifest.json (compressed_size=246 bytes, uncompressed_size=551 bytes)
[debug] [2024-08-08T15:08:55.965Z] [unzip] Processing entry: client\manifest.json
[debug] [2024-08-08T15:08:55.966Z] [unzip] else mkdir: C:\Users\kante\.cache\firebase\emulators\ui-v1.11.7\client
[debug] [2024-08-08T15:08:55.968Z] [unzip] deflating: C:\Users\kante\.cache\firebase\emulators\ui-v1.11.7\client\manifest.json
[debug] [2024-08-08T15:08:55.970Z] [unzip] Entry: client/favicon-32x32.png (compressed_size=1175 bytes, uncompressed_size=1175 bytes)
[debug] [2024-08-08T15:08:55.970Z] [unzip] Processing entry: client\favicon-32x32.png
[debug] [2024-08-08T15:08:55.970Z] [unzip] else mkdir: C:\Users\kante\.cache\firebase\emulators\ui-v1.11.7\client
[debug] [2024-08-08T15:08:55.973Z] [unzip] Writing file: C:\Users\kante\.cache\firebase\emulators\ui-v1.11.7\client\favicon-32x32.png
[debug] [2024-08-08T15:08:55.981Z] [unzip] Entry: client/android-chrome-192x192.png (compressed_size=7602 bytes, uncompressed_size=7834 bytes)
[debug] [2024-08-08T15:08:55.981Z] [unzip] Processing entry: client\android-chrome-192x192.png
[debug] [2024-08-08T15:08:55.982Z] [unzip] else mkdir: C:\Users\kante\.cache\firebase\emulators\ui-v1.11.7\client
[debug] [2024-08-08T15:08:55.987Z] [unzip] deflating: C:\Users\kante\.cache\firebase\emulators\ui-v1.11.7\client\android-chrome-192x192.png
[debug] [2024-08-08T15:08:55.990Z] [unzip] Entry: server/ (compressed_size=0 bytes, uncompressed_size=0 bytes)
[debug] [2024-08-08T15:08:55.990Z] [unzip] Processing entry: server\
[debug] [2024-08-08T15:08:55.991Z] [unzip] mkdir: C:\Users\kante\.cache\firebase\emulators\ui-v1.11.7\server\
[debug] [2024-08-08T15:08:55.993Z] [unzip] Entry: server/server.js (compressed_size=343746 bytes, uncompressed_size=1346374 bytes)
[debug] [2024-08-08T15:08:55.993Z] [unzip] Processing entry: server\server.js
[debug] [2024-08-08T15:08:55.994Z] [unzip] else mkdir: C:\Users\kante\.cache\firebase\emulators\ui-v1.11.7\server
[debug] [2024-08-08T15:08:55.999Z] [unzip] deflating: C:\Users\kante\.cache\firebase\emulators\ui-v1.11.7\server\server.js
[debug] [2024-08-08T15:08:56.015Z] [unzip] Entry: server/server.js.map (compressed_size=289157 bytes, uncompressed_size=1325651 bytes)
[debug] [2024-08-08T15:08:56.015Z] [unzip] Processing entry: server\server.js.map
[debug] [2024-08-08T15:08:56.015Z] [unzip] else mkdir: C:\Users\kante\.cache\firebase\emulators\ui-v1.11.7\server
[debug] [2024-08-08T15:08:56.017Z] [unzip] deflating: C:\Users\kante\.cache\firebase\emulators\ui-v1.11.7\server\server.js.map
[debug] [2024-08-08T15:08:56.042Z] Ignoring unsupported arg: auto_download {"metadata":{"emulator":{"name":"ui"},"message":"Ignoring unsupported arg: auto_download"}}
[debug] [2024-08-08T15:08:56.043Z] Ignoring unsupported arg: port {"metadata":{"emulator":{"name":"ui"},"message":"Ignoring unsupported arg: port"}}
[debug] [2024-08-08T15:08:56.043Z] Starting Emulator UI with command {"binary":"node","args":["C:\\Users\\kante\\.cache\\firebase\\emulators\\ui-v1.11.7\\server\\server.js"],"optionalArgs":[],"joinArgs":false} {"metadata":{"emulator":{"name":"ui"},"message":"Starting Emulator UI with command {\"binary\":\"node\",\"args\":[\"C:\\\\Users\\\\kante\\\\.cache\\\\firebase\\\\emulators\\\\ui-v1.11.7\\\\server\\\\server.js\"],\"optionalArgs\":[],\"joinArgs\":false}"}}
[info] i  ui: Emulator UI logging to ui-debug.log {"metadata":{"emulator":{"name":"ui"},"message":"Emulator UI logging to \u001b[1mui-debug.log\u001b[22m"}}
[debug] [2024-08-08T15:08:56.527Z] Web / API server started at 127.0.0.1:4000
 {"metadata":{"emulator":{"name":"ui"},"message":"Web / API server started at 127.0.0.1:4000\n"}}
[debug] [2024-08-08T15:08:56.527Z] Web / API server started at ::1:4000
 {"metadata":{"emulator":{"name":"ui"},"message":"Web / API server started at ::1:4000\n"}}
[info] i  functions: Watching "E:\Documents\react_itinerary_app\backend\functions" for Cloud Functions... {"metadata":{"emulator":{"name":"functions"},"message":"Watching \"E:\\Documents\\react_itinerary_app\\backend\\functions\" for Cloud Functions..."}}
[debug] [2024-08-08T15:08:56.612Z] Validating nodejs source
[warn] !  functions: package.json indicates an outdated version of firebase-functions. Please upgrade using npm install --save firebase-functions@latest in your functions directory. 
[warn] !  functions: Please note that there will be breaking changes when you upgrade. 
[debug] [2024-08-08T15:08:59.086Z] > [functions] package.json contents: {
  "name": "functions",
  "scripts": {
    "lint": "eslint --ext .js,.ts .",
    "build": "tsc",
    "build:watch": "tsc --watch",
    "serve": "npm run build && firebase emulators:start --only functions",
    "shell": "npm run build && firebase functions:shell",
    "start": "npm run shell",
    "deploy": "firebase deploy --only functions",
    "logs": "firebase functions:log"
  },
  "engines": {
    "node": "18"
  },
  "main": "lib/index.js",
  "dependencies": {
    "express": "^4.19.2",
    "firebase-admin": "^11.8.0",
    "firebase-functions": "^4.3.1"
  },
  "devDependencies": {
    "@types/dotenv": "^8.2.0",
    "@types/express": "^4.17.21",
    "@typescript-eslint/eslint-plugin": "^5.12.0",
    "@typescript-eslint/parser": "^5.12.0",
    "eslint": "^8.9.0",
    "eslint-config-google": "^0.14.0",
    "eslint-plugin-import": "^2.25.4",
    "firebase-functions-test": "^3.1.0",
    "typescript": "^4.9.0"
  },
  "private": true
}
[debug] [2024-08-08T15:08:59.086Z] Building nodejs source
[debug] [2024-08-08T15:08:59.087Z] Failed to find version of module node: reached end of search path E:\Documents\react_itinerary_app\backend\functions\node_modules
[warn] !  functions: Your requested "node" version "18" doesn't match your global version "20". Using node@20 from host. 
[debug] [2024-08-08T15:08:59.089Z] Could not find functions.yaml. Must use http discovery
[debug] [2024-08-08T15:08:59.103Z] Found firebase-functions binary at 'E:\Documents\react_itinerary_app\backend\functions\node_modules\.bin\firebase-functions'
[info] Serving at port 8270

[debug] [2024-08-08T15:09:06.756Z] Got response from /__/functions.yaml {"endpoints":{"widgets":{"availableMemoryMb":null,"timeoutSeconds":null,"minInstances":null,"maxInstances":null,"ingressSettings":null,"concurrency":null,"serviceAccountEmail":null,"vpc":null,"platform":"gcfv2","labels":{},"httpsTrigger":{},"entryPoint":"widgets"}},"specVersion":"v1alpha1","requiredAPIs":[]}
[info] +  functions: Loaded functions definitions from source: widgets. {"metadata":{"emulator":{"name":"functions"},"message":"Loaded functions definitions from source: widgets."}}
[info] +  functions[us-central1-widgets]: http function initialized (http://127.0.0.1:5001/itinerary-app-431911/us-central1/widgets). {"metadata":{"emulator":{"name":"functions"},"message":"\u001b[1mhttp\u001b[22m function initialized (http://127.0.0.1:5001/itinerary-app-431911/us-central1/widgets)."}}
[info] 
┌─────────────────────────────────────────────────────────────┐
│ ✔  All emulators ready! It is now safe to connect your app. │
│ i  View Emulator UI at http://127.0.0.1:4000/               │
└─────────────────────────────────────────────────────────────┘

┌───────────┬────────────────┬─────────────────────────────────┐
│ Emulator  │ Host:Port      │ View in Emulator UI             │
├───────────┼────────────────┼─────────────────────────────────┤
│ Functions │ 127.0.0.1:5001 │ http://127.0.0.1:4000/functions │
└───────────┴────────────────┴─────────────────────────────────┘
  Emulator Hub running at 127.0.0.1:4400
  Other reserved ports: 4500

Issues? Report them at https://github.com/firebase/firebase-tools/issues and attach the *-debug.log files.
 
[debug] [2024-08-08T15:15:58.190Z] File E:\Documents\react_itinerary_app\backend\functions\src\index.ts changed, reloading triggers {"metadata":{"emulator":{"name":"functions"},"message":"File E:\\Documents\\react_itinerary_app\\backend\\functions\\src\\index.ts changed, reloading triggers"}}
[debug] [2024-08-08T15:15:59.198Z] Validating nodejs source
[warn] !  functions: package.json indicates an outdated version of firebase-functions. Please upgrade using npm install --save firebase-functions@latest in your functions directory. 
[warn] !  functions: Please note that there will be breaking changes when you upgrade. 
[debug] [2024-08-08T15:16:02.625Z] > [functions] package.json contents: {
  "name": "functions",
  "scripts": {
    "lint": "eslint --ext .js,.ts .",
    "build": "tsc",
    "build:watch": "tsc --watch",
    "serve": "npm run build && firebase emulators:start --only functions",
    "shell": "npm run build && firebase functions:shell",
    "start": "npm run shell",
    "deploy": "firebase deploy --only functions",
    "logs": "firebase functions:log"
  },
  "engines": {
    "node": "18"
  },
  "main": "lib/index.js",
  "dependencies": {
    "express": "^4.19.2",
    "firebase-admin": "^11.8.0",
    "firebase-functions": "^4.3.1"
  },
  "devDependencies": {
    "@types/dotenv": "^8.2.0",
    "@types/express": "^4.17.21",
    "@typescript-eslint/eslint-plugin": "^5.12.0",
    "@typescript-eslint/parser": "^5.12.0",
    "eslint": "^8.9.0",
    "eslint-config-google": "^0.14.0",
    "eslint-plugin-import": "^2.25.4",
    "firebase-functions-test": "^3.1.0",
    "typescript": "^4.9.0"
  },
  "private": true
}
[debug] [2024-08-08T15:16:02.626Z] Building nodejs source
[debug] [2024-08-08T15:16:02.626Z] Failed to find version of module node: reached end of search path E:\Documents\react_itinerary_app\backend\functions\node_modules
[warn] !  functions: Your requested "node" version "18" doesn't match your global version "20". Using node@20 from host. 
[debug] [2024-08-08T15:16:02.630Z] Could not find functions.yaml. Must use http discovery
[debug] [2024-08-08T15:16:02.645Z] Found firebase-functions binary at 'E:\Documents\react_itinerary_app\backend\functions\node_modules\.bin\firebase-functions'
[debug] [2024-08-08T15:16:02.656Z] File E:\Documents\react_itinerary_app\backend\functions\src\index.ts changed, reloading triggers {"metadata":{"emulator":{"name":"functions"},"message":"File E:\\Documents\\react_itinerary_app\\backend\\functions\\src\\index.ts changed, reloading triggers"}}
[info] Serving at port 8122

[debug] [2024-08-08T15:16:03.669Z] Validating nodejs source
[warn] !  functions: package.json indicates an outdated version of firebase-functions. Please upgrade using npm install --save firebase-functions@latest in your functions directory. 
[warn] !  functions: Please note that there will be breaking changes when you upgrade. 
[debug] [2024-08-08T15:16:06.967Z] > [functions] package.json contents: {
  "name": "functions",
  "scripts": {
    "lint": "eslint --ext .js,.ts .",
    "build": "tsc",
    "build:watch": "tsc --watch",
    "serve": "npm run build && firebase emulators:start --only functions",
    "shell": "npm run build && firebase functions:shell",
    "start": "npm run shell",
    "deploy": "firebase deploy --only functions",
    "logs": "firebase functions:log"
  },
  "engines": {
    "node": "18"
  },
  "main": "lib/index.js",
  "dependencies": {
    "express": "^4.19.2",
    "firebase-admin": "^11.8.0",
    "firebase-functions": "^4.3.1"
  },
  "devDependencies": {
    "@types/dotenv": "^8.2.0",
    "@types/express": "^4.17.21",
    "@typescript-eslint/eslint-plugin": "^5.12.0",
    "@typescript-eslint/parser": "^5.12.0",
    "eslint": "^8.9.0",
    "eslint-config-google": "^0.14.0",
    "eslint-plugin-import": "^2.25.4",
    "firebase-functions-test": "^3.1.0",
    "typescript": "^4.9.0"
  },
  "private": true
}
[debug] [2024-08-08T15:16:06.968Z] Building nodejs source
[debug] [2024-08-08T15:16:06.968Z] Failed to find version of module node: reached end of search path E:\Documents\react_itinerary_app\backend\functions\node_modules
[warn] !  functions: Your requested "node" version "18" doesn't match your global version "20". Using node@20 from host. 
[debug] [2024-08-08T15:16:06.972Z] Got response from /__/functions.yaml {"endpoints":{"widgets":{"availableMemoryMb":null,"timeoutSeconds":null,"minInstances":null,"maxInstances":null,"ingressSettings":null,"concurrency":null,"serviceAccountEmail":null,"vpc":null,"platform":"gcfv2","labels":{},"httpsTrigger":{},"entryPoint":"widgets"}},"specVersion":"v1alpha1","requiredAPIs":[]}
[debug] [2024-08-08T15:16:06.974Z] Could not find functions.yaml. Must use http discovery
[debug] [2024-08-08T15:16:06.989Z] Found firebase-functions binary at 'E:\Documents\react_itinerary_app\backend\functions\node_modules\.bin\firebase-functions'
[info] Serving at port 8904

[debug] [2024-08-08T15:16:08.284Z] Got response from /__/functions.yaml {"endpoints":{"widgets":{"availableMemoryMb":null,"timeoutSeconds":null,"minInstances":null,"maxInstances":null,"ingressSettings":null,"concurrency":null,"serviceAccountEmail":null,"vpc":null,"platform":"gcfv2","labels":{},"httpsTrigger":{},"entryPoint":"widgets"}},"specVersion":"v1alpha1","requiredAPIs":[]}
[info] +  functions: Loaded functions definitions from source: widgets. {"metadata":{"emulator":{"name":"functions"},"message":"Loaded functions definitions from source: widgets."}}
[info] +  functions: Loaded functions definitions from source: widgets. {"metadata":{"emulator":{"name":"functions"},"message":"Loaded functions definitions from source: widgets."}}
